{{2021,9,2},
 {23,58,41},
 'cluster_varmdo@joq62-X550CA',log,"Successful starting of server",
 [kubelet_server]}.
{{2021,9,2},
 {23,58,41},
 'cluster_varmdo@joq62-X550CA',log,"Start init",
 [init,cluster_server,61]}.
{{2021,9,2},
 {23,58,41},
 'cluster_varmdo@joq62-X550CA',log,"STARTED SERVER",
 ['cluster_varmdo@joq62-X550CA',init,cluster_server,74]}.
{{2021,9,2},
 {23,58,41},
 'cluster_varmdo@joq62-X550CA',log,"START ",
 [cluster_status_interval,cluster_server,181]}.
{{2021,9,2},
 {23,58,54},
 'cluster_varmdo@joq62-X550CA',debug,[],
 [[{"c1_varmdo","c1"}],
  [{"c1_varmdo","c1"},{"asus_varmdo","joq62-X550CA"}],
  [],strive_desired_state,cluster_lib,51]}.
{{2021,9,2},
 {23,58,55},
 'cluster_varmdo@joq62-X550CA',log,"Stopped ",
 [kubelet_varmdo_c1@c1,stop_node,node_ssh,93]}.
{{2021,9,2},
 {23,59,8},
 'cluster_varmdo@joq62-X550CA',log,"Started ",
 [kubelet_varmdo_c1@c1,"c1_varmdo","kubelet_varmdo_c1",ok,create_node,
  node_ssh,78]}.
{{2021,9,2},
 {23,59,10},
 'cluster_varmdo@joq62-X550CA',debug,"LoadStart",
 [[{{ok,[{git_clone,"Cloning into 'kubelet_varmdo_c1.deployment/support'...\n"},
         {set_env,ok},
         {add_path,true},
         {app_start,ok}]},
    "support"},
   {{ok,[{git_clone,"Cloning into 'kubelet_varmdo_c1.deployment/kubelet'...\n"},
         {set_env,ok},
         {add_path,true},
         {app_start,ok}]},
    "kubelet"}],
  start_kubelet_node,cluster_lib,149]}.
{{2021,9,2},
 {23,59,10},
 'cluster_varmdo@joq62-X550CA',debug,"DbaseAction",
 [[{atomic,ok},{atomic,ok}],start_kubelet_node,cluster_lib,153]}.
{{2021,9,2},
 {23,59,40},
 'cluster_varmdo@joq62-X550CA',log,"END ",
 [cluster_status_interval,cluster_server,188]}.
{{2021,9,2},
 {23,59,40},
 'cluster_varmdo@joq62-X550CA',log,"Changed cluster_status  = ",
 [{error,{"Starting found hosts without kubelet",
          [[{ok,[{{ok,[{git_clone,"Cloning into 'kubelet_varmdo_c1.deployment/support'...\n"},
                       {set_env,ok},
                       {add_path,true},
                       {app_start,ok}]},
                  "support"},
                 {{ok,[{git_clone,"Cloning into 'kubelet_varmdo_c1.deployment/kubelet'...\n"},
                       {set_env,ok},
                       {add_path,true},
                       {app_start,ok}]},
                  "kubelet"}]}]]}},
  handle_cast,cluster_server,122]}.
{{2021,9,2},
 {23,59,40},
 'cluster_varmdo@joq62-X550CA',log,"START ",
 [cluster_status_interval,cluster_server,181]}.
{{2021,9,2},
 {23,59,52},
 'cluster_varmdo@joq62-X550CA',debug,[],
 [[],
  [{"c1_varmdo","c1"},{"asus_varmdo","joq62-X550CA"}],
  [],strive_desired_state,cluster_lib,51]}.
